<?xml version="1.0" encoding="UTF-8"?>
<testng-results ignored="0" total="1" passed="1" failed="0" skipped="0">
  <reporter-output>
  </reporter-output>
  <suite started-at="2022-09-14T21:46:09 CEST" name="Default suite" finished-at="2022-09-14T21:46:14 CEST" duration-ms="4880">
    <groups>
    </groups>
    <test started-at="2022-09-14T21:46:09 CEST" name="Default test" finished-at="2022-09-14T21:46:14 CEST" duration-ms="4880">
      <class name="skleptest.automation.functional.testNewsletter">
        <test-method is-config="true" signature="testNewsletterSetUp()[pri:0, instance:skleptest.automation.functional.testNewsletter@40ef3420]" started-at="2022-09-14T21:46:09 CEST" name="testNewsletterSetUp" finished-at="2022-09-14T21:46:11 CEST" duration-ms="2517" status="PASS">
          <reporter-output>
          </reporter-output>
        </test-method> <!-- testNewsletterSetUp -->
        <test-method signature="subscribeNegative()[pri:0, instance:skleptest.automation.functional.testNewsletter@40ef3420]" started-at="2022-09-14T21:46:11 CEST" name="subscribeNegative" finished-at="2022-09-14T21:46:14 CEST" duration-ms="2176" status="PASS">
          <reporter-output>
          </reporter-output>
        </test-method> <!-- subscribeNegative -->
        <test-method is-config="true" signature="textNewsletterFinish()[pri:0, instance:skleptest.automation.functional.testNewsletter@40ef3420]" started-at="2022-09-14T21:46:14 CEST" name="textNewsletterFinish" finished-at="2022-09-14T21:46:14 CEST" duration-ms="150" status="PASS">
          <reporter-output>
          </reporter-output>
        </test-method> <!-- textNewsletterFinish -->
      </class> <!-- skleptest.automation.functional.testNewsletter -->
    </test> <!-- Default test -->
  </suite> <!-- Default suite -->
</testng-results>
